Sequence                   		tRNA   	Bounds 	tRNA	Anti	Intron Bounds	Cove
Name                       	tRNA #	Begin  	End    	Type	Codon	Begin	End	Score
--------                   	------	----   	------ 	----	-----	-----	----	------
gi|00000000|ref|NC_000000| 	1	225381 	225457 	Ile	GAT	0	0	88.37
gi|00000000|ref|NC_000000| 	2	225500 	225575 	Ala	TGC	0	0	88.77
gi|00000000|ref|NC_000000| 	3	228928 	229004 	Asp	GTC	0	0	90.74
gi|00000000|ref|NC_000000| 	4	236931 	237007 	Asp	GTC	0	0	90.74
gi|00000000|ref|NC_000000| 	5	262871 	262946 	Thr	CGT	0	0	91.49
gi|00000000|ref|NC_000000| 	6	297178 	297254 	Thr	CGT	0	0	42.36
gi|00000000|ref|NC_000000| 	7	345334 	345414 	Pseudo	???	0	0	28.45
gi|00000000|ref|NC_000000| 	8	564723 	564799 	Arg	TCT	0	0	89.39
gi|00000000|ref|NC_000000| 	9	780554 	780629 	Lys	TTT	0	0	99.54
gi|00000000|ref|NC_000000| 	10	780765 	780840 	Val	TAC	0	0	94.34
gi|00000000|ref|NC_000000| 	11	780843 	780918 	Lys	TTT	0	0	99.54
gi|00000000|ref|NC_000000| 	12	781068 	781143 	Val	TAC	0	0	94.34
gi|00000000|ref|NC_000000| 	13	781147 	781222 	Lys	TTT	0	0	99.54
gi|00000000|ref|NC_000000| 	14	781369 	781444 	Lys	TTT	0	0	99.54
gi|00000000|ref|NC_000000| 	15	781577 	781652 	Lys	TTT	0	0	99.54
gi|00000000|ref|NC_000000| 	16	1746435	1746511	Val	GAC	0	0	92.34
gi|00000000|ref|NC_000000| 	17	1746516	1746592	Val	GAC	0	0	96.76
gi|00000000|ref|NC_000000| 	18	2044549	2044624	Asn	GTT	0	0	87.13
gi|00000000|ref|NC_000000| 	19	2059851	2059926	Asn	GTT	0	0	87.13
gi|00000000|ref|NC_000000| 	20	2062260	2062335	Asn	GTT	0	0	87.13
gi|00000000|ref|NC_000000| 	21	2286211	2286287	Pro	GGG	0	0	77.97
gi|00000000|ref|NC_000000| 	22	2466309	2466383	Arg	CCT	0	0	66.39
gi|00000000|ref|NC_000000| 	23	2520931	2521006	Val	TAC	0	0	94.34
gi|00000000|ref|NC_000000| 	24	2521051	2521126	Val	TAC	0	0	94.34
gi|00000000|ref|NC_000000| 	25	2521173	2521248	Val	TAC	0	0	94.34
gi|00000000|ref|NC_000000| 	26	2521253	2521328	Lys	TTT	0	0	99.54
gi|00000000|ref|NC_000000| 	27	2947387	2947463	Met	CAT	0	0	86.07
gi|00000000|ref|NC_000000| 	28	2947497	2947573	Met	CAT	0	0	86.07
gi|00000000|ref|NC_000000| 	29	2947607	2947683	Met	CAT	0	0	86.07
gi|00000000|ref|NC_000000| 	30	3110366	3110441	Phe	GAA	0	0	84.11
gi|00000000|ref|NC_000000| 	31	3215598	3215673	Met	CAT	0	0	93.86
gi|00000000|ref|NC_000000| 	32	3836222	3836312	SeC(p)	TCA	0	0	75.19
gi|00000000|ref|NC_000000| 	33	3943435	3943510	Glu	TTC	0	0	59.80
gi|00000000|ref|NC_000000| 	34	3946872	3946948	Asp	GTC	0	0	90.74
gi|00000000|ref|NC_000000| 	35	3946957	3947032	Trp	CCA	0	0	82.06
gi|00000000|ref|NC_000000| 	36	3982375	3982451	Arg	CCG	0	0	89.49
gi|00000000|ref|NC_000000| 	37	3982510	3982585	His	GTG	0	0	84.86
gi|00000000|ref|NC_000000| 	38	3982606	3982692	Leu	CAG	0	0	69.07
gi|00000000|ref|NC_000000| 	39	3982735	3982811	Pro	TGG	0	0	92.73
gi|00000000|ref|NC_000000| 	40	4037141	4037217	Ile	GAT	0	0	88.37
gi|00000000|ref|NC_000000| 	41	4037260	4037335	Ala	TGC	0	0	88.77
gi|00000000|ref|NC_000000| 	42	4168372	4168447	Glu	TTC	0	0	59.80
gi|00000000|ref|NC_000000| 	43	4175388	4175463	Thr	TGT	0	0	91.83
gi|00000000|ref|NC_000000| 	44	4175472	4175556	Tyr	GTA	0	0	67.63
gi|00000000|ref|NC_000000| 	45	4175673	4175747	Gly	TCC	0	0	64.85
gi|00000000|ref|NC_000000| 	46	4175754	4175829	Thr	GGT	0	0	94.75
gi|00000000|ref|NC_000000| 	47	4209774	4209849	Glu	TTC	0	0	59.80
gi|00000000|ref|NC_000000| 	48	4392360	4392435	Gly	GCC	0	0	93.74
gi|00000000|ref|NC_000000| 	49	4392472	4392547	Gly	GCC	0	0	93.74
gi|00000000|ref|NC_000000| 	50	4392583	4392658	Gly	GCC	0	0	93.74
gi|00000000|ref|NC_000000| 	51	4496405	4496489	Leu	CAA	0	0	79.12
gi|00000000|ref|NC_000000| 	52	4606401	4606315	Leu	CAG	0	0	69.07
gi|00000000|ref|NC_000000| 	53	4606286	4606200	Leu	CAG	0	0	66.59
gi|00000000|ref|NC_000000| 	54	4606165	4606079	Leu	CAG	0	0	69.07
gi|00000000|ref|NC_000000| 	55	4362626	4362551	Phe	GAA	0	0	84.11
gi|00000000|ref|NC_000000| 	56	3708692	3708616	Pro	CGG	0	0	85.12
gi|00000000|ref|NC_000000| 	57	3427152	3427076	Ile	GAT	0	0	88.37
gi|00000000|ref|NC_000000| 	58	3427033	3426958	Ala	TGC	0	0	88.77
gi|00000000|ref|NC_000000| 	59	3423655	3423580	Thr	GGT	0	0	88.70
gi|00000000|ref|NC_000000| 	60	3322158	3322072	Leu	GAG	0	0	70.30
gi|00000000|ref|NC_000000| 	61	3318289	3318213	Met	CAT	0	0	82.92
gi|00000000|ref|NC_000000| 	62	2999057	2998984	Gly	CCC	0	0	78.75
gi|00000000|ref|NC_000000| 	63	2818645	2818553	Ser	GCT	0	0	72.46
gi|00000000|ref|NC_000000| 	64	2818549	2818473	Arg	ACG	0	0	87.22
gi|00000000|ref|NC_000000| 	65	2818274	2818198	Arg	ACG	0	0	87.22
gi|00000000|ref|NC_000000| 	66	2818135	2818059	Arg	ACG	0	0	87.22
gi|00000000|ref|NC_000000| 	67	2817860	2817784	Arg	ACG	0	0	87.22
gi|00000000|ref|NC_000000| 	68	2785837	2785762	Met	CAT	0	0	93.98
gi|00000000|ref|NC_000000| 	69	2729444	2729369	Glu	TTC	0	0	59.80
gi|00000000|ref|NC_000000| 	70	2518231	2518156	Ala	GGC	0	0	86.51
gi|00000000|ref|NC_000000| 	71	2518116	2518041	Ala	GGC	0	0	86.51
gi|00000000|ref|NC_000000| 	72	2058102	2058027	Asn	GTT	0	0	87.13
gi|00000000|ref|NC_000000| 	73	2043557	2043468	Ser	CGA	0	0	75.49
gi|00000000|ref|NC_000000| 	74	1992117	1992042	Gly	GCC	0	0	93.74
gi|00000000|ref|NC_000000| 	75	1991987	1991914	Cys	GCA	0	0	51.48
gi|00000000|ref|NC_000000| 	76	1991901	1991815	Leu	TAA	0	0	71.59
gi|00000000|ref|NC_000000| 	77	1287622	1287538	Tyr	GTA	0	0	66.93
gi|00000000|ref|NC_000000| 	78	1287328	1287244	Tyr	GTA	0	0	66.93
gi|00000000|ref|NC_000000| 	79	1097652	1097565	Ser	GGA	0	0	68.60
gi|00000000|ref|NC_000000| 	80	1031712	1031625	Ser	TGA	0	0	76.89
gi|00000000|ref|NC_000000| 	81	925971 	925884 	Ser	GGA	0	0	68.60
gi|00000000|ref|NC_000000| 	82	697133 	697057 	Met	CAT	0	0	96.18
gi|00000000|ref|NC_000000| 	83	697047 	696963 	Leu	TAG	0	0	78.30
gi|00000000|ref|NC_000000| 	84	696939 	696865 	Gln	TTG	0	0	74.33
gi|00000000|ref|NC_000000| 	85	696830 	696756 	Gln	TTG	0	0	74.33
gi|00000000|ref|NC_000000| 	86	696740 	696664 	Met	CAT	0	0	96.18
gi|00000000|ref|NC_000000| 	87	696616 	696542 	Gln	CTG	0	0	75.83
gi|00000000|ref|NC_000000| 	88	696504 	696430 	Gln	CTG	0	0	75.83
